<?xml version="1.0" encoding="UTF-8"?>
<testsuite xmlns:xsi="http://www.w3.org/2001/XMLSchema-instance" xsi:noNamespaceSchemaLocation="https://maven.apache.org/surefire/maven-surefire-plugin/xsd/surefire-test-report-3.0.xsd" version="3.0" name="TestSuite" time="6.82" tests="6" errors="0" skipped="0" failures="2">
  <properties>
[...]
</properties>
  <testcase name="validateCreateCustomerAPI[{email=baby7913@gmail.com, name=Baby, description=adding my wife as customer from framework}](3)" classname="com.bliss.APITestingFramework.Testcases.CreateCustomerTest" time="3.147">
    <system-out><![CDATA[testingdata
total rows are 14
validateCreateCustomerAPI ------ validateCreateCustomerAPI
Testcase starts from 1
 test data rows number is 4
total columns in testcase are 3
{
    "id": "cus_MoBEE49NyYLjpf",
    "object": "customer",
    "address": null,
    "balance": 0,
    "created": 1668556157,
    "currency": null,
    "default_currency": null,
    "default_source": null,
    "delinquent": false,
    "description": "adding my daugther as customer from framework",
    "discount": null,
    "email": "preesha.aradhula@gmail.com",
    "invoice_prefix": "C7B251F4",
    "invoice_settings": {
        "custom_fields": null,
        "default_payment_method": null,
        "footer": null,
        "rendering_options": null
    },
    "livemode": false,
    "metadata": {
        
    },
    "name": "Preesha",
    "phone": null,
    "preferred_locales": [
        
    ],
    "shipping": null,
    "tax_exempt": "none",
    "test_clock": null
}
200
{
    "id": "cus_MoBEFpveh73tTz",
    "object": "customer",
    "address": null,
    "balance": 0,
    "created": 1668556157,
    "currency": null,
    "default_currency": null,
    "default_source": null,
    "delinquent": false,
    "description": "adding my wife as customer from framework",
    "discount": null,
    "email": "baby7913@gmail.com",
    "invoice_prefix": "39CCB5BE",
    "invoice_settings": {
        "custom_fields": null,
        "default_payment_method": null,
        "footer": null,
        "rendering_options": null
    },
    "livemode": false,
    "metadata": {
        
    },
    "name": "Baby",
    "phone": null,
    "preferred_locales": [
        
    ],
    "shipping": null,
    "tax_exempt": "none",
    "test_clock": null
}
200
{
    "id": "cus_MoBEc2YfCkyHFM",
    "object": "customer",
    "address": null,
    "balance": 0,
    "created": 1668556157,
    "currency": null,
    "default_currency": null,
    "default_source": null,
    "delinquent": false,
    "description": "adding the customer from framework",
    "discount": null,
    "email": "myemail.id@gmail.com",
    "invoice_prefix": "3E0FF252",
    "invoice_settings": {
        "custom_fields": null,
        "default_payment_method": null,
        "footer": null,
        "rendering_options": null
    },
    "livemode": false,
    "metadata": {
        
    },
    "name": "Varma",
    "phone": null,
    "preferred_locales": [
        
    ],
    "shipping": null,
    "tax_exempt": "none",
    "test_clock": null
}
200
]]></system-out>
    <system-err><![CDATA[SLF4J: No SLF4J providers were found.
SLF4J: Defaulting to no-operation (NOP) logger implementation
SLF4J: See https://www.slf4j.org/codes.html#noProviders for further details.
ERROR StatusLogger Log4j2 could not find a logging implementation. Please add log4j-core to the classpath. Using SimpleLogger to log to the console...
]]></system-err>
  </testcase>
  <testcase name="validateCreateCustomerAPI[{email=preesha.aradhula@gmail.com, name=Preesha, description=adding my daugther as customer from framework}](3)" classname="com.bliss.APITestingFramework.Testcases.CreateCustomerTest" time="3.148"/>
  <testcase name="validateCreateCustomerAPI[{email=myemail.id@gmail.com, name=Varma, description=adding the customer from framework}](3)" classname="com.bliss.APITestingFramework.Testcases.CreateCustomerTest" time="3.148"/>
  <testcase name="validateCreateCustomerAPI[{email=Ayansh.aradhula@gmail.com, name=Ayansh, description=adding my son as customer from framework}](4)" classname="com.bliss.APITestingFramework.Testcases.CreateCustomerTest" time="3.149">
    <system-out><![CDATA[{
    "id": "cus_MoBEryIZAKe41D",
    "object": "customer",
    "address": null,
    "balance": 0,
    "created": 1668556157,
    "currency": null,
    "default_currency": null,
    "default_source": null,
    "delinquent": false,
    "description": "adding my son as customer from framework",
    "discount": null,
    "email": "Ayansh.aradhula@gmail.com",
    "invoice_prefix": "78992A3F",
    "invoice_settings": {
        "custom_fields": null,
        "default_payment_method": null,
        "footer": null,
        "rendering_options": null
    },
    "livemode": false,
    "metadata": {
        
    },
    "name": "Ayansh",
    "phone": null,
    "preferred_locales": [
        
    ],
    "shipping": null,
    "tax_exempt": "none",
    "test_clock": null
}
200
]]></system-out>
  </testcase>
  <testcase name="InvalidateCreateCustomerAPI[{email=myemail.address@gmail.com, name=Krishna, description=adding the customer from framework123}](1)" classname="com.bliss.APITestingFramework.Testcases.CreateCustomerTest" time="0.269">
    <failure message="expected [200] but found [401]" type="java.lang.AssertionError"><![CDATA[java.lang.AssertionError: expected [200] but found [401]
	at org.testng.Assert.fail(Assert.java:110)
	at org.testng.Assert.failNotEquals(Assert.java:1413)
	at org.testng.Assert.assertEqualsImpl(Assert.java:149)
	at org.testng.Assert.assertEquals(Assert.java:131)
	at org.testng.Assert.assertEquals(Assert.java:1240)
	at org.testng.Assert.assertEquals(Assert.java:1274)
	at com.bliss.APITestingFramework.Testcases.CreateCustomerTest.InvalidateCreateCustomerAPI(CreateCustomerTest.java:35)
	at java.base/jdk.internal.reflect.NativeMethodAccessorImpl.invoke0(Native Method)
	at java.base/jdk.internal.reflect.NativeMethodAccessorImpl.invoke(NativeMethodAccessorImpl.java:77)
	at java.base/jdk.internal.reflect.DelegatingMethodAccessorImpl.invoke(DelegatingMethodAccessorImpl.java:43)
	at java.base/java.lang.reflect.Method.invoke(Method.java:568)
	at org.testng.internal.invokers.MethodInvocationHelper.invokeMethod(MethodInvocationHelper.java:139)
	at org.testng.internal.invokers.TestInvoker.invokeMethod(TestInvoker.java:677)
	at org.testng.internal.invokers.TestInvoker.invokeTestMethod(TestInvoker.java:221)
	at org.testng.internal.invokers.TestMethodWithDataProviderMethodWorker.call(TestMethodWithDataProviderMethodWorker.java:80)
	at org.testng.internal.invokers.TestMethodWithDataProviderMethodWorker.call(TestMethodWithDataProviderMethodWorker.java:17)
	at java.base/java.util.concurrent.FutureTask.run(FutureTask.java:264)
	at java.base/java.util.concurrent.Executors$RunnableAdapter.call(Executors.java:539)
	at java.base/java.util.concurrent.FutureTask.run(FutureTask.java:264)
	at java.base/java.util.concurrent.ThreadPoolExecutor.runWorker(ThreadPoolExecutor.java:1136)
	at java.base/java.util.concurrent.ThreadPoolExecutor$Worker.run(ThreadPoolExecutor.java:635)
	at java.base/java.lang.Thread.run(Thread.java:833)
]]></failure>
    <system-out><![CDATA[testingdata
total rows are 14
validateCreateCustomerAPI ------ InvalidateCreateCustomerAPI
name ------ InvalidateCreateCustomerAPI
Varma ------ InvalidateCreateCustomerAPI
Baby ------ InvalidateCreateCustomerAPI
Preesha ------ InvalidateCreateCustomerAPI
Ayansh ------ InvalidateCreateCustomerAPI
 ------ InvalidateCreateCustomerAPI
InvalidateCreateCustomerAPI ------ InvalidateCreateCustomerAPI
Testcase starts from 8
 test data rows number is 1
total columns in testcase are 3
{
    "error": {
        "message": "Invalid API Key provided: sk_test_*********************************************************************************************jnoU",
        "type": "invalid_request_error"
    }
}
401
]]></system-out>
  </testcase>
  <testcase name="validateDeleteCustomerAPI[{customerId=cus_Mnn8rYJsJY0cEN}](1)" classname="com.bliss.APITestingFramework.Testcases.DeleteCustomerTest" time="0.443">
    <failure message="expected [200] but found [404]" type="java.lang.AssertionError"><![CDATA[java.lang.AssertionError: expected [200] but found [404]
	at org.testng.Assert.fail(Assert.java:110)
	at org.testng.Assert.failNotEquals(Assert.java:1413)
	at org.testng.Assert.assertEqualsImpl(Assert.java:149)
	at org.testng.Assert.assertEquals(Assert.java:131)
	at org.testng.Assert.assertEquals(Assert.java:1240)
	at org.testng.Assert.assertEquals(Assert.java:1274)
	at com.bliss.APITestingFramework.Testcases.DeleteCustomerTest.validateDeleteCustomerAPI(DeleteCustomerTest.java:28)
	at java.base/jdk.internal.reflect.NativeMethodAccessorImpl.invoke0(Native Method)
	at java.base/jdk.internal.reflect.NativeMethodAccessorImpl.invoke(NativeMethodAccessorImpl.java:77)
	at java.base/jdk.internal.reflect.DelegatingMethodAccessorImpl.invoke(DelegatingMethodAccessorImpl.java:43)
	at java.base/java.lang.reflect.Method.invoke(Method.java:568)
	at org.testng.internal.invokers.MethodInvocationHelper.invokeMethod(MethodInvocationHelper.java:139)
	at org.testng.internal.invokers.TestInvoker.invokeMethod(TestInvoker.java:677)
	at org.testng.internal.invokers.TestInvoker.invokeTestMethod(TestInvoker.java:221)
	at org.testng.internal.invokers.TestMethodWithDataProviderMethodWorker.call(TestMethodWithDataProviderMethodWorker.java:80)
	at org.testng.internal.invokers.TestMethodWithDataProviderMethodWorker.call(TestMethodWithDataProviderMethodWorker.java:17)
	at java.base/java.util.concurrent.FutureTask.run(FutureTask.java:264)
	at java.base/java.util.concurrent.Executors$RunnableAdapter.call(Executors.java:539)
	at java.base/java.util.concurrent.FutureTask.run(FutureTask.java:264)
	at java.base/java.util.concurrent.ThreadPoolExecutor.runWorker(ThreadPoolExecutor.java:1136)
	at java.base/java.util.concurrent.ThreadPoolExecutor$Worker.run(ThreadPoolExecutor.java:635)
	at java.base/java.lang.Thread.run(Thread.java:833)
]]></failure>
    <system-out><![CDATA[PASSED: com.bliss.APITestingFramework.Testcases.CreateCustomerTest.validateCreateCustomerAPI({email=Ayansh.aradhula@gmail.com, name=Ayansh, description=adding my son as customer from framework})
PASSED: com.bliss.APITestingFramework.Testcases.CreateCustomerTest.validateCreateCustomerAPI({email=myemail.id@gmail.com, name=Varma, description=adding the customer from framework})
PASSED: com.bliss.APITestingFramework.Testcases.CreateCustomerTest.validateCreateCustomerAPI({email=preesha.aradhula@gmail.com, name=Preesha, description=adding my daugther as customer from framework})
PASSED: com.bliss.APITestingFramework.Testcases.CreateCustomerTest.validateCreateCustomerAPI({email=baby7913@gmail.com, name=Baby, description=adding my wife as customer from framework})
FAILED: com.bliss.APITestingFramework.Testcases.CreateCustomerTest.InvalidateCreateCustomerAPI({email=myemail.address@gmail.com, name=Krishna, description=adding the customer from framework123})
java.lang.AssertionError: expected [200] but found [401]
	at org.testng.Assert.fail(Assert.java:110)
	at org.testng.Assert.failNotEquals(Assert.java:1413)
	at org.testng.Assert.assertEqualsImpl(Assert.java:149)
	at org.testng.Assert.assertEquals(Assert.java:131)
	at org.testng.Assert.assertEquals(Assert.java:1240)
	at org.testng.Assert.assertEquals(Assert.java:1274)
	at com.bliss.APITestingFramework.Testcases.CreateCustomerTest.InvalidateCreateCustomerAPI(CreateCustomerTest.java:35)
	at java.base/jdk.internal.reflect.NativeMethodAccessorImpl.invoke0(Native Method)
	at java.base/jdk.internal.reflect.NativeMethodAccessorImpl.invoke(NativeMethodAccessorImpl.java:77)
	at java.base/jdk.internal.reflect.DelegatingMethodAccessorImpl.invoke(DelegatingMethodAccessorImpl.java:43)
	at java.base/java.lang.reflect.Method.invoke(Method.java:568)
	at org.testng.internal.invokers.MethodInvocationHelper.invokeMethod(MethodInvocationHelper.java:139)
	at org.testng.internal.invokers.TestInvoker.invokeMethod(TestInvoker.java:677)
	at org.testng.internal.invokers.TestInvoker.invokeTestMethod(TestInvoker.java:221)
	at org.testng.internal.invokers.TestMethodWithDataProviderMethodWorker.call(TestMethodWithDataProviderMethodWorker.java:80)
	at org.testng.internal.invokers.TestMethodWithDataProviderMethodWorker.call(TestMethodWithDataProviderMethodWorker.java:17)
	at java.base/java.util.concurrent.FutureTask.run(FutureTask.java:264)
	at java.base/java.util.concurrent.Executors$RunnableAdapter.call(Executors.java:539)
	at java.base/java.util.concurrent.FutureTask.run(FutureTask.java:264)
	at java.base/java.util.concurrent.ThreadPoolExecutor.runWorker(ThreadPoolExecutor.java:1136)
	at java.base/java.util.concurrent.ThreadPoolExecutor$Worker.run(ThreadPoolExecutor.java:635)
	at java.base/java.lang.Thread.run(Thread.java:833)


===============================================
    Create Customer API
    Tests run: 2, Failures: 1, Skips: 0
===============================================

testingdata
total rows are 14
validateCreateCustomerAPI ------ validateDeleteCustomerAPI
name ------ validateDeleteCustomerAPI
Varma ------ validateDeleteCustomerAPI
Baby ------ validateDeleteCustomerAPI
Preesha ------ validateDeleteCustomerAPI
Ayansh ------ validateDeleteCustomerAPI
 ------ validateDeleteCustomerAPI
InvalidateCreateCustomerAPI ------ validateDeleteCustomerAPI
name ------ validateDeleteCustomerAPI
Krishna ------ validateDeleteCustomerAPI
 ------ validateDeleteCustomerAPI
validateDeleteCustomerAPI ------ validateDeleteCustomerAPI
Testcase starts from 12
 test data rows number is 1
total columns in testcase are 1
{
    "error": {
        "code": "resource_missing",
        "doc_url": "https://stripe.com/docs/error-codes/resource-missing",
        "message": "No such customer: 'cus_Mnn8rYJsJY0cEN'",
        "param": "id",
        "request_log_url": "https://dashboard.stripe.com/test/logs/req_QnBnoPDBbxhogF?t=1668556159",
        "type": "invalid_request_error"
    }
}
404
]]></system-out>
  </testcase>
</testsuite>